==========================================
SLURM_CLUSTER_NAME = paramrudra
SLURM_ARRAY_JOB_ID = 
SLURM_ARRAY_TASK_ID = 
SLURM_ARRAY_TASK_COUNT = 
SLURM_ARRAY_TASK_MAX = 
SLURM_ARRAY_TASK_MIN = 
SLURM_JOB_ACCOUNT = cdac
SLURM_JOB_ID = 25667
SLURM_JOB_NAME = cifar10_ddp
SLURM_JOB_NODELIST = rdgpu[01-02]
SLURM_JOB_USER = cdacapp01
SLURM_JOB_UID = 55013
SLURM_JOB_PARTITION = gpu
SLURM_TASK_PID = 3939977
SLURM_SUBMIT_DIR = /home/cdacapp01/ankush/Distributed-Training-Lab/Torch/cifar-codes/01_Torch_DDP
SLURM_CPUS_ON_NODE = 16
SLURM_NTASKS = 2
SLURM_TASK_PID = 3939977
==========================================
====================================
Job Name   : cifar10_ddp
Master Addr: rdgpu01
Nodes      : 2
GPUs/Node  : 2
World Size : 4
====================================
[*] Dynamically detected Conda at: /home/apps/miniconda3
[✓] Activated conda environment: tutorial
[INFO] Nodes: 2 | GPUs/node: 2 | World size: 4
[INFO] Batch per GPU: 128 | Effective batch: 512
NCCL version 2.14.3+cuda11.7
Epoch [1] | Train Loss: 4.3198 | Acc: 10.51% | Time: 11.51s
Epoch [1] | Test  Loss: 2.3108 | Acc: 10.59% | Time: 1.69s
Epoch [2] | Train Loss: 2.3056 | Acc: 10.98% | Time: 8.84s
Epoch [2] | Test  Loss: 2.3000 | Acc: 11.70% | Time: 1.56s
Epoch [3] | Train Loss: 2.2885 | Acc: 13.26% | Time: 8.89s
Epoch [3] | Test  Loss: 2.2651 | Acc: 16.44% | Time: 1.57s
Epoch [4] | Train Loss: 2.1212 | Acc: 19.67% | Time: 8.85s
Epoch [4] | Test  Loss: 2.0295 | Acc: 22.38% | Time: 1.58s
Epoch [5] | Train Loss: 2.0068 | Acc: 22.31% | Time: 8.94s
Epoch [5] | Test  Loss: 1.9594 | Acc: 24.33% | Time: 1.55s
Epoch [6] | Train Loss: 1.9468 | Acc: 25.00% | Time: 8.85s
Epoch [6] | Test  Loss: 1.8621 | Acc: 29.49% | Time: 1.57s
Epoch [7] | Train Loss: 1.8407 | Acc: 29.83% | Time: 8.94s
Epoch [7] | Test  Loss: 1.8621 | Acc: 30.90% | Time: 1.58s
Epoch [8] | Train Loss: 1.7451 | Acc: 34.08% | Time: 8.90s
Epoch [8] | Test  Loss: 1.6621 | Acc: 37.45% | Time: 1.58s
Epoch [9] | Train Loss: 1.6577 | Acc: 38.09% | Time: 8.87s
Epoch [9] | Test  Loss: 1.5888 | Acc: 40.67% | Time: 1.58s
Epoch [10] | Train Loss: 1.6012 | Acc: 40.82% | Time: 8.88s
Epoch [10] | Test  Loss: 1.5520 | Acc: 42.26% | Time: 1.59s

Total time: 107.34s (1.79 min)
====================================
Training Completed
====================================
