==========================================
SLURM_CLUSTER_NAME = paramrudra
SLURM_ARRAY_JOB_ID = 
SLURM_ARRAY_TASK_ID = 
SLURM_ARRAY_TASK_COUNT = 
SLURM_ARRAY_TASK_MAX = 
SLURM_ARRAY_TASK_MIN = 
SLURM_JOB_ACCOUNT = cdac
SLURM_JOB_ID = 25729
SLURM_JOB_NAME = cifar_accelerate_fsdp
SLURM_JOB_NODELIST = rdgpu01
SLURM_JOB_USER = cdacapp01
SLURM_JOB_UID = 55013
SLURM_JOB_PARTITION = gpu
SLURM_TASK_PID = 4036533
SLURM_SUBMIT_DIR = /home/cdacapp01/ankush/Distributed-Training-Lab/Accelerate/cifar-codes/02_Accelerate_FSDP
SLURM_CPUS_ON_NODE = 16
SLURM_NTASKS = 1
SLURM_TASK_PID = 4036533
==========================================
====================================
Job Name   : cifar_accelerate_fsdp
Master Addr: rdgpu01
Nodes      : 1
GPUs/Node  : 2
Starting CIFAR-10 ResNet-50 Accelerate FSDP Training
====================================
[*] Dynamically detected Conda at: /home/apps/miniconda3
[✓] Activated conda environment: tutorial
====================================
Training Completed
====================================
