Traceback (most recent call last):
  File "/home/cdacapp01/ankush/Distributed-Training-Lab/Accelerate/cifar-codes/02_Accelerate_FSDP/resnet-train-accelerate-fsdp.py", line 127, in <module>
    main()
Traceback (most recent call last):
  File "/home/cdacapp01/ankush/Distributed-Training-Lab/Accelerate/cifar-codes/02_Accelerate_FSDP/resnet-train-accelerate-fsdp.py", line 127, in <module>
  File "/home/cdacapp01/ankush/Distributed-Training-Lab/Accelerate/cifar-codes/02_Accelerate_FSDP/resnet-train-accelerate-fsdp.py", line 71, in main
    accelerator = Accelerator()
           main() 
          ^^^^^^^^^^^^^
  File "/home/cdacapp01/ankush/Distributed-Training-Lab/Accelerate/cifar-codes/02_Accelerate_FSDP/resnet-train-accelerate-fsdp.py", line 71, in main
  File "/home/cdacapp01/.conda/envs/tutorial/lib/python3.11/site-packages/accelerate/accelerator.py", line 384, in __init__
    accelerator = Accelerator()
                  ^^^^^^^^^^^^^
  File "/home/cdacapp01/.conda/envs/tutorial/lib/python3.11/site-packages/accelerate/accelerator.py", line 384, in __init__
    raise ValueError(f"FSDP requires PyTorch >= {FSDP_PYTORCH_VERSION}")
ValueError: FSDP requires PyTorch >= 2.1.0.a0+32f93b1
    raise ValueError(f"FSDP requires PyTorch >= {FSDP_PYTORCH_VERSION}")
ValueError: FSDP requires PyTorch >= 2.1.0.a0+32f93b1
ERROR:torch.distributed.elastic.multiprocessing.api:failed (exitcode: 1) local_rank: 0 (pid: 4036591) of binary: /home/cdacapp01/.conda/envs/tutorial/bin/python3
Traceback (most recent call last):
  File "/home/cdacapp01/.conda/envs/tutorial/bin/accelerate", line 10, in <module>
    sys.exit(main())
             ^^^^^^
  File "/home/cdacapp01/.conda/envs/tutorial/lib/python3.11/site-packages/accelerate/commands/accelerate_cli.py", line 50, in main
    args.func(args)
  File "/home/cdacapp01/.conda/envs/tutorial/lib/python3.11/site-packages/accelerate/commands/launch.py", line 1392, in launch_command
    multi_gpu_launcher(args)
  File "/home/cdacapp01/.conda/envs/tutorial/lib/python3.11/site-packages/accelerate/commands/launch.py", line 1023, in multi_gpu_launcher
    distrib_run.run(args)
  File "/home/cdacapp01/.conda/envs/tutorial/lib/python3.11/site-packages/torch/distributed/run.py", line 785, in run
    elastic_launch(
  File "/home/cdacapp01/.conda/envs/tutorial/lib/python3.11/site-packages/torch/distributed/launcher/api.py", line 134, in __call__
    return launch_agent(self._config, self._entrypoint, list(args))
           ^^^^^^^^^^^^^^^^^^^^^^^^^^^^^^^^^^^^^^^^^^^^^^^^^^^^^^^^
  File "/home/cdacapp01/.conda/envs/tutorial/lib/python3.11/site-packages/torch/distributed/launcher/api.py", line 250, in launch_agent
    raise ChildFailedError(
torch.distributed.elastic.multiprocessing.errors.ChildFailedError: 
============================================================
resnet-train-accelerate-fsdp.py FAILED
------------------------------------------------------------
Failures:
[1]:
  time      : 2026-05-15_08:34:04
  host      : rdgpu01.cdacdelhi.in
  rank      : 1 (local_rank: 1)
  exitcode  : 1 (pid: 4036592)
  error_file: <N/A>
  traceback : To enable traceback see: https://pytorch.org/docs/stable/elastic/errors.html
------------------------------------------------------------
Root Cause (first observed failure):
[0]:
  time      : 2026-05-15_08:34:04
  host      : rdgpu01.cdacdelhi.in
  rank      : 0 (local_rank: 0)
  exitcode  : 1 (pid: 4036591)
  error_file: <N/A>
  traceback : To enable traceback see: https://pytorch.org/docs/stable/elastic/errors.html
============================================================
srun: error: rdgpu01: task 0: Exited with exit code 1
