==========================================
SLURM_CLUSTER_NAME = paramrudra
SLURM_ARRAY_JOB_ID = 
SLURM_ARRAY_TASK_ID = 
SLURM_ARRAY_TASK_COUNT = 
SLURM_ARRAY_TASK_MAX = 
SLURM_ARRAY_TASK_MIN = 
SLURM_JOB_ACCOUNT = cdac
SLURM_JOB_ID = 25664
SLURM_JOB_NAME = cifar_fsdp
SLURM_JOB_NODELIST = rdgpu01
SLURM_JOB_USER = cdacapp01
SLURM_JOB_UID = 55013
SLURM_JOB_PARTITION = gpu
SLURM_TASK_PID = 3936033
SLURM_SUBMIT_DIR = /home/cdacapp01/ankush/Distributed-Training-Lab/Torch/cifar-codes/02_Torch_FSDP
SLURM_CPUS_ON_NODE = 16
SLURM_NTASKS = 1
SLURM_TASK_PID = 3936033
==========================================
====================================
Job Name   : cifar_fsdp
Master Addr: rdgpu01
Nodes      : 1
GPUs/Node  : 2
World Size : 2
Starting CIFAR-10 ResNet-50 FSDP Training
====================================
[*] Dynamically detected Conda at: /home/apps/miniconda3
[✓] Activated conda environment: tutorial
[INFO] Using 2 GPUs
[INFO] Sharding Strategy: FULL_SHARD
[INFO] Mixed Precision:   False
[INFO] CPU Offload:       False
[INFO] Batch per GPU:     256 | Effective batch: 512
[INFO] Data dir:          ../../../datasets/data-cifar
NCCL version 2.14.3+cuda11.7

rdgpu01:3936081:3937021 [1] graph/search.cc:885 NCCL WARN Could not find a path for pattern 4, falling back to simple order

rdgpu01:3936081:3937021 [1] graph/search.cc:885 NCCL WARN Could not find a path for pattern 1, falling back to simple order

rdgpu01:3936080:3937020 [0] graph/search.cc:885 NCCL WARN Could not find a path for pattern 4, falling back to simple order

rdgpu01:3936080:3937020 [0] graph/search.cc:885 NCCL WARN Could not find a path for pattern 1, falling back to simple order
Epoch [1] | Train Loss: 4.0801 | Acc: 10.67% | Time: 18.57s
Epoch [1] | Test  Loss: 2.2966 | Acc: 10.80% | Time: 2.05s
Epoch [2] | Train Loss: 2.2703 | Acc: 14.04% | Time: 15.67s
Epoch [2] | Test  Loss: 2.1870 | Acc: 18.02% | Time: 1.86s
Epoch [3] | Train Loss: 2.0571 | Acc: 19.96% | Time: 15.68s
Epoch [3] | Test  Loss: 2.0279 | Acc: 19.68% | Time: 1.85s
Epoch [4] | Train Loss: 1.8978 | Acc: 25.01% | Time: 15.70s
Epoch [4] | Test  Loss: 1.9173 | Acc: 25.86% | Time: 1.86s
Epoch [5] | Train Loss: 1.7802 | Acc: 30.36% | Time: 15.70s
Epoch [5] | Test  Loss: 1.7268 | Acc: 32.34% | Time: 2.16s
Epoch [6] | Train Loss: 1.6757 | Acc: 35.40% | Time: 15.69s
Epoch [6] | Test  Loss: 1.5704 | Acc: 40.66% | Time: 1.87s
Epoch [7] | Train Loss: 1.5547 | Acc: 41.08% | Time: 15.67s
Epoch [7] | Test  Loss: 1.5621 | Acc: 41.37% | Time: 1.84s
Epoch [8] | Train Loss: 1.4711 | Acc: 44.49% | Time: 15.71s
Epoch [8] | Test  Loss: 1.3841 | Acc: 48.46% | Time: 1.84s
Epoch [9] | Train Loss: 1.3995 | Acc: 48.35% | Time: 15.67s
Epoch [9] | Test  Loss: 1.3311 | Acc: 50.35% | Time: 1.83s
Epoch [10] | Train Loss: 1.3405 | Acc: 50.50% | Time: 15.69s
Epoch [10] | Test  Loss: 1.2962 | Acc: 52.09% | Time: 3.34s

Total time: 180.25s (3.00 min)
====================================
Training Completed
====================================
