==========================================
SLURM_CLUSTER_NAME = paramkamrupa
SLURM_ARRAY_JOB_ID = 
SLURM_ARRAY_TASK_ID = 
SLURM_ARRAY_TASK_COUNT = 
SLURM_ARRAY_TASK_MAX = 
SLURM_ARRAY_TASK_MIN = 
SLURM_JOB_ACCOUNT = cdac
SLURM_JOB_ID = 278510
SLURM_JOB_NAME = cifar_fsdp
SLURM_JOB_NODELIST = gpu[003,009]
SLURM_JOB_USER = ankush.cdac
SLURM_JOB_UID = 49666
SLURM_JOB_PARTITION = gpu
SLURM_TASK_PID = 8600
SLURM_SUBMIT_DIR = /home/ankush.cdac/ankush/Distributed-Training-Lab/cifar-codes/03_Torch_FSDP
SLURM_CPUS_ON_NODE = 16
SLURM_NTASKS = 2
SLURM_TASK_PID = 8600
==========================================
====================================
Job Name   : cifar_fsdp
Master Addr: gpu003
Nodes      : 2
GPUs/Node  : 2
World Size : 4
Starting CIFAR-10 ResNet-50 FSDP Training
====================================
[*] Dynamically detected Conda at: /home/apps/miniconda/miniconda3
[✓] Activated conda environment: tutorial
[INFO] Using 4 GPUs
[INFO] Sharding Strategy: FULL_SHARD
[INFO] Mixed Precision:   False
[INFO] CPU Offload:       False
[INFO] Batch per GPU:     128 | Effective batch: 512
[INFO] Data dir:          ../../datasets/data-cifar
NCCL version 2.14.3+cuda11.7
Epoch [1] | Train Loss: 4.2876 | Acc: 10.53% | Time: 36.92s
Epoch [1] | Test  Loss: 2.2940 | Acc: 11.76% | Time: 3.65s
Epoch [2] | Train Loss: 2.2880 | Acc: 12.10% | Time: 14.44s
Epoch [2] | Test  Loss: 2.2655 | Acc: 13.63% | Time: 3.48s
Epoch [3] | Train Loss: 2.1840 | Acc: 16.34% | Time: 14.43s
Epoch [3] | Test  Loss: 2.0649 | Acc: 20.72% | Time: 3.50s
Epoch [4] | Train Loss: 1.9766 | Acc: 23.41% | Time: 14.46s
Epoch [4] | Test  Loss: 1.9569 | Acc: 26.43% | Time: 3.52s
Epoch [5] | Train Loss: 1.8835 | Acc: 26.83% | Time: 14.41s
Epoch [5] | Test  Loss: 1.8518 | Acc: 31.84% | Time: 3.50s
Epoch [6] | Train Loss: 1.7250 | Acc: 34.11% | Time: 14.42s
Epoch [6] | Test  Loss: 1.6238 | Acc: 39.67% | Time: 3.49s
Epoch [7] | Train Loss: 1.6073 | Acc: 39.67% | Time: 14.40s
Epoch [7] | Test  Loss: 1.6376 | Acc: 39.53% | Time: 3.50s
Epoch [8] | Train Loss: 1.5344 | Acc: 42.70% | Time: 14.42s
Epoch [8] | Test  Loss: 1.4374 | Acc: 46.50% | Time: 3.49s
Epoch [9] | Train Loss: 1.4692 | Acc: 46.04% | Time: 14.41s
Epoch [9] | Test  Loss: 1.3966 | Acc: 47.63% | Time: 3.50s
Epoch [10] | Train Loss: 1.4004 | Acc: 48.49% | Time: 14.42s
Epoch [10] | Test  Loss: 1.3502 | Acc: 49.69% | Time: 3.49s

Total time: 201.86s (3.36 min)
====================================
Training Completed
====================================
